{
  "stats": {
    "suites": 1,
    "tests": 2,
    "passes": 2,
    "pending": 0,
    "failures": 0,
    "start": "2020-07-29T16:37:43.469Z",
    "end": "2020-07-29T16:37:44.358Z",
    "duration": 889,
    "testsRegistered": 2,
    "passPercent": 100,
    "pendingPercent": 0,
    "other": 0,
    "hasOther": false,
    "skipped": 0,
    "hasSkipped": false,
    "passPercentClass": "success",
    "pendingPercentClass": "danger"
  },
  "suites": {
    "uuid": "26fd85f7-95df-4b0e-afe1-03b7f60dc64e",
    "title": "",
    "fullFile": "",
    "file": "",
    "beforeHooks": [],
    "afterHooks": [],
    "tests": [],
    "suites": [
      {
        "uuid": "1981c025-2807-41b3-8a9b-9e3e6a591c93",
        "title": "@getvalidationtag As a User, I should be able to see data",
        "fullFile": "D:\\project\\Interview\\bukalapak_api\\api\\test\\validation_test.js",
        "file": "\\api\\test\\validation_test.js",
        "beforeHooks": [
          {
            "title": "\"before all\" hook: #hook",
            "fullTitle": "@getvalidationtag As a User, I should be able to see data \"before all\" hook: #hook",
            "timedOut": false,
            "duration": 3,
            "pass": false,
            "fail": false,
            "pending": false,
            "code": "",
            "err": {},
            "isRoot": false,
            "uuid": "0752d68e-09cd-41e6-8daf-eeb4e59eb2f8",
            "isHook": true,
            "skipped": false
          }
        ],
        "afterHooks": [],
        "tests": [
          {
            "title": "@get As a User, I should be able to see data schema",
            "fullTitle": "@getvalidationtag As a User, I should be able to see data @get As a User, I should be able to see data schema",
            "timedOut": false,
            "duration": 219,
            "state": "passed",
            "speed": "slow",
            "pass": true,
            "fail": false,
            "pending": false,
            "code": "const response = await page.getValidation(payload);\nassert(response.status).to.equal(code.successOk);\n        assert(response.body).to.be.jsonSchema(schema);",
            "err": {},
            "isRoot": false,
            "uuid": "c7ddb60f-354f-4121-84a5-5e0aa0f0f695",
            "isHook": false,
            "skipped": false
          },
          {
            "title": "@post As user, I should be able to post data",
            "fullTitle": "@getvalidationtag As a User, I should be able to see data @post As user, I should be able to post data",
            "timedOut": false,
            "duration": 592,
            "state": "passed",
            "speed": "slow",
            "pass": true,
            "fail": false,
            "pending": false,
            "code": "const response = await page.postData(payload);\nassert(response.status).to.equal(code.successCreated);\n        assert(response.body).to.be.jsonSchema(schemaCreated);",
            "err": {},
            "isRoot": false,
            "uuid": "1d640e66-0aa7-453a-ac6c-3e18cd151fc7",
            "isHook": false,
            "skipped": false
          }
        ],
        "suites": [],
        "passes": [
          "c7ddb60f-354f-4121-84a5-5e0aa0f0f695",
          "1d640e66-0aa7-453a-ac6c-3e18cd151fc7"
        ],
        "failures": [],
        "pending": [],
        "skipped": [],
        "duration": 811,
        "root": false,
        "rootEmpty": false,
        "_timeout": 180000
      }
    ],
    "passes": [],
    "failures": [],
    "pending": [],
    "skipped": [],
    "duration": 0,
    "root": true,
    "rootEmpty": true,
    "_timeout": 180000
  },
  "copyrightYear": 2020
}