{
  "stats": {
    "suites": 2,
    "tests": 3,
    "passes": 3,
    "pending": 0,
    "failures": 0,
    "start": "2023-03-30T13:48:41.576Z",
    "end": "2023-03-30T13:48:47.099Z",
    "duration": 5523,
    "testsRegistered": 3,
    "passPercent": 100,
    "pendingPercent": 0,
    "other": 0,
    "hasOther": false,
    "skipped": 0,
    "hasSkipped": false
  },
  "results": [
    {
      "uuid": "7dc3afa5-40b0-4da1-823d-0934fbe2f89e",
      "title": "",
      "fullFile": "",
      "file": "",
      "beforeHooks": [],
      "afterHooks": [],
      "tests": [],
      "suites": [
        {
          "uuid": "d018da80-138f-47f6-bb60-cb1cba9ed660",
          "title": "@get As a User, I should be able to see data",
          "fullFile": "/Users/gitameditha/Documents/interview/Indico/AutomationApiMochaChai/api/test/get_neows_test.js",
          "file": "/api/test/get_neows_test.js",
          "beforeHooks": [],
          "afterHooks": [],
          "tests": [
            {
              "title": "@positive As a User, I want to see object near earth",
              "fullTitle": "@get As a User, I should be able to see data @positive As a User, I want to see object near earth",
              "timedOut": false,
              "duration": 2427,
              "state": "passed",
              "speed": "slow",
              "pass": true,
              "fail": false,
              "pending": false,
              "context": null,
              "code": "const response = await page.getNeows(payload);\nassert(response.status).to.equal(200);\nassert(response.body).to.be.jsonSchema(schema);",
              "err": {},
              "uuid": "a71f7e99-459b-4df7-8a21-bb4fea3a1a5c",
              "parentUUID": "d018da80-138f-47f6-bb60-cb1cba9ed660",
              "isHook": false,
              "skipped": false
            }
          ],
          "suites": [],
          "passes": [
            "a71f7e99-459b-4df7-8a21-bb4fea3a1a5c"
          ],
          "failures": [],
          "pending": [],
          "skipped": [],
          "duration": 2427,
          "root": false,
          "rootEmpty": false,
          "_timeout": 180000
        },
        {
          "uuid": "d7901a4c-0a94-403c-af41-d202cf81f0b4",
          "title": "@getvalidationtag As a User, I should be able to see data",
          "fullFile": "/Users/gitameditha/Documents/interview/Indico/AutomationApiMochaChai/api/test/validation_test.js",
          "file": "/api/test/validation_test.js",
          "beforeHooks": [
            {
              "title": "\"before all\" hook: #hook in \"@getvalidationtag As a User, I should be able to see data\"",
              "fullTitle": "@getvalidationtag As a User, I should be able to see data \"before all\" hook: #hook in \"@getvalidationtag As a User, I should be able to see data\"",
              "timedOut": false,
              "duration": 0,
              "state": null,
              "speed": null,
              "pass": false,
              "fail": false,
              "pending": false,
              "context": null,
              "code": "",
              "err": {},
              "uuid": "c2e57699-a495-46a2-81d3-1411958400eb",
              "parentUUID": "d7901a4c-0a94-403c-af41-d202cf81f0b4",
              "isHook": true,
              "skipped": false
            }
          ],
          "afterHooks": [],
          "tests": [
            {
              "title": "@get As a User, I should be able to see data schema",
              "fullTitle": "@getvalidationtag As a User, I should be able to see data @get As a User, I should be able to see data schema",
              "timedOut": false,
              "duration": 2462,
              "state": "passed",
              "speed": "slow",
              "pass": true,
              "fail": false,
              "pending": false,
              "context": null,
              "code": "const response = await page.getValidation(payload);\nassert(response.status).to.equal(code.successOk);\n        assert(response.body).to.be.jsonSchema(schema);",
              "err": {},
              "uuid": "ba6723f3-2432-4b26-a12f-c49913ed20ec",
              "parentUUID": "d7901a4c-0a94-403c-af41-d202cf81f0b4",
              "isHook": false,
              "skipped": false
            },
            {
              "title": "@post As user, I should be able to post data",
              "fullTitle": "@getvalidationtag As a User, I should be able to see data @post As user, I should be able to post data",
              "timedOut": false,
              "duration": 620,
              "state": "passed",
              "speed": "slow",
              "pass": true,
              "fail": false,
              "pending": false,
              "context": null,
              "code": "const response = await page.postData(payload);\nassert(response.status).to.equal(code.successCreated);\n        assert(response.body).to.be.jsonSchema(schemaCreated);",
              "err": {},
              "uuid": "8c30bda9-e596-433f-9b88-93bac2cf8957",
              "parentUUID": "d7901a4c-0a94-403c-af41-d202cf81f0b4",
              "isHook": false,
              "skipped": false
            }
          ],
          "suites": [],
          "passes": [
            "ba6723f3-2432-4b26-a12f-c49913ed20ec",
            "8c30bda9-e596-433f-9b88-93bac2cf8957"
          ],
          "failures": [],
          "pending": [],
          "skipped": [],
          "duration": 3082,
          "root": false,
          "rootEmpty": false,
          "_timeout": 180000
        }
      ],
      "passes": [],
      "failures": [],
      "pending": [],
      "skipped": [],
      "duration": 0,
      "root": true,
      "rootEmpty": true,
      "_timeout": 180000
    }
  ],
  "meta": {
    "mocha": {
      "version": "10.2.0"
    },
    "mochawesome": {
      "options": {
        "quiet": false,
        "reportFilename": "mochawesome",
        "saveHtml": true,
        "saveJson": true,
        "consoleReporter": "spec",
        "useInlineDiffs": false,
        "code": true
      },
      "version": "7.1.3"
    },
    "marge": {
      "options": {
        "reportDir": "reports/mochawesome/"
      },
      "version": "6.2.0"
    }
  }
}