{
  "stats": {
    "suites": 3,
    "tests": 5,
    "passes": 5,
    "pending": 0,
    "failures": 0,
    "start": "2025-04-05T12:21:49.379Z",
    "end": "2025-04-05T12:21:56.002Z",
    "duration": 6623,
    "testsRegistered": 5,
    "passPercent": 100,
    "pendingPercent": 0,
    "other": 0,
    "hasOther": false,
    "skipped": 0,
    "hasSkipped": false
  },
  "results": [
    {
      "uuid": "d9ebc1b5-38ef-43c0-95f0-e7c997b47ab2",
      "title": "",
      "fullFile": "",
      "file": "",
      "beforeHooks": [],
      "afterHooks": [],
      "tests": [],
      "suites": [
        {
          "uuid": "9003dd76-27eb-4edb-89e4-69106ac83f21",
          "title": "@post add pet data",
          "fullFile": "/Users/gitamedithanirwanduna/Documents/soal_interview/AutomationApiMochaChai/api/test/add_pet_test.js",
          "file": "/api/test/add_pet_test.js",
          "beforeHooks": [],
          "afterHooks": [],
          "tests": [
            {
              "title": "@positive As a User, I want to add pet data with pet name: Cat1",
              "fullTitle": "@post add pet data @positive As a User, I want to add pet data with pet name: Cat1",
              "timedOut": false,
              "duration": 1098,
              "state": "passed",
              "speed": "slow",
              "pass": true,
              "fail": false,
              "pending": false,
              "context": null,
              "code": "const response = await page.addPet(data.addPet(petName));\nassert(response.status).to.equal(200);\nassert(response.body.name).to.equal(petName);\n\t\t\tassert(response.body).to.be.jsonSchema(schema);",
              "err": {},
              "uuid": "a62a796b-88ba-40cd-bff7-10e2931faffe",
              "parentUUID": "9003dd76-27eb-4edb-89e4-69106ac83f21",
              "isHook": false,
              "skipped": false
            },
            {
              "title": "@positive As a User, I want to add pet data with pet name: Cat2",
              "fullTitle": "@post add pet data @positive As a User, I want to add pet data with pet name: Cat2",
              "timedOut": false,
              "duration": 1151,
              "state": "passed",
              "speed": "slow",
              "pass": true,
              "fail": false,
              "pending": false,
              "context": null,
              "code": "const response = await page.addPet(data.addPet(petName));\nassert(response.status).to.equal(200);\nassert(response.body.name).to.equal(petName);\n\t\t\tassert(response.body).to.be.jsonSchema(schema);",
              "err": {},
              "uuid": "f906ac47-ef3a-4233-8d60-66ca8e70fe62",
              "parentUUID": "9003dd76-27eb-4edb-89e4-69106ac83f21",
              "isHook": false,
              "skipped": false
            }
          ],
          "suites": [],
          "passes": [
            "a62a796b-88ba-40cd-bff7-10e2931faffe",
            "f906ac47-ef3a-4233-8d60-66ca8e70fe62"
          ],
          "failures": [],
          "pending": [],
          "skipped": [],
          "duration": 2249,
          "root": false,
          "rootEmpty": false,
          "_timeout": 180000
        },
        {
          "uuid": "02f092e0-3401-4dd9-9e19-bdd760df2310",
          "title": "@getFindPetByStatus find pet By Status",
          "fullFile": "/Users/gitamedithanirwanduna/Documents/soal_interview/AutomationApiMochaChai/api/test/get_find_pet_by_status.js",
          "file": "/api/test/get_find_pet_by_status.js",
          "beforeHooks": [],
          "afterHooks": [],
          "tests": [
            {
              "title": "@get As a User, I want to find pet by status with status: available",
              "fullTitle": "@getFindPetByStatus find pet By Status @get As a User, I want to find pet by status with status: available",
              "timedOut": false,
              "duration": 2065,
              "state": "passed",
              "speed": "slow",
              "pass": true,
              "fail": false,
              "pending": false,
              "context": null,
              "code": "const response = await page.getFindPetByStatus({ status });\nassert(response.status).to.equal(code.successOk);\nassert(response.body).to.be.jsonSchema(schema); \nresponse.body.forEach((pet) => {\n    assert(pet.status).to.equal(status, `Pet ID ${pet.id} has incorrect status`);\n});",
              "err": {},
              "uuid": "a4a62da2-76f1-4a0c-8558-45e25b0b6b3c",
              "parentUUID": "02f092e0-3401-4dd9-9e19-bdd760df2310",
              "isHook": false,
              "skipped": false
            },
            {
              "title": "@get As a User, I want to find pet by status with status: pending",
              "fullTitle": "@getFindPetByStatus find pet By Status @get As a User, I want to find pet by status with status: pending",
              "timedOut": false,
              "duration": 1075,
              "state": "passed",
              "speed": "slow",
              "pass": true,
              "fail": false,
              "pending": false,
              "context": null,
              "code": "const response = await page.getFindPetByStatus({ status });\nassert(response.status).to.equal(code.successOk);\nassert(response.body).to.be.jsonSchema(schema); \nresponse.body.forEach((pet) => {\n    assert(pet.status).to.equal(status, `Pet ID ${pet.id} has incorrect status`);\n});",
              "err": {},
              "uuid": "7cb0a927-422d-4876-b560-ff66db14f9b9",
              "parentUUID": "02f092e0-3401-4dd9-9e19-bdd760df2310",
              "isHook": false,
              "skipped": false
            }
          ],
          "suites": [],
          "passes": [
            "a4a62da2-76f1-4a0c-8558-45e25b0b6b3c",
            "7cb0a927-422d-4876-b560-ff66db14f9b9"
          ],
          "failures": [],
          "pending": [],
          "skipped": [],
          "duration": 3140,
          "root": false,
          "rootEmpty": false,
          "_timeout": 180000
        },
        {
          "uuid": "1a5423c0-a2d8-4aaa-902c-4b9fe927eb8b",
          "title": "@getFindPetById find pet By ID",
          "fullFile": "/Users/gitamedithanirwanduna/Documents/soal_interview/AutomationApiMochaChai/api/test/get_pet_by_id.js",
          "file": "/api/test/get_pet_by_id.js",
          "beforeHooks": [],
          "afterHooks": [],
          "tests": [
            {
              "title": "@get As a User, I want to find pet by ID with spesific pet ID 1",
              "fullTitle": "@getFindPetById find pet By ID @get As a User, I want to find pet by ID with spesific pet ID 1",
              "timedOut": false,
              "duration": 1220,
              "state": "passed",
              "speed": "slow",
              "pass": true,
              "fail": false,
              "pending": false,
              "context": null,
              "code": "const response = await page.getPetById(petId);\nassert(response.status).to.equal(code.successOk); \nassert(response.body).to.be.jsonSchema(schema); \nassert(response.body.id).to.equal(petId, 'Pet ID does not match the requested ID');",
              "err": {},
              "uuid": "db35a1be-baf4-49e5-a1be-0b3010d61d42",
              "parentUUID": "1a5423c0-a2d8-4aaa-902c-4b9fe927eb8b",
              "isHook": false,
              "skipped": false
            }
          ],
          "suites": [],
          "passes": [
            "db35a1be-baf4-49e5-a1be-0b3010d61d42"
          ],
          "failures": [],
          "pending": [],
          "skipped": [],
          "duration": 1220,
          "root": false,
          "rootEmpty": false,
          "_timeout": 180000
        }
      ],
      "passes": [],
      "failures": [],
      "pending": [],
      "skipped": [],
      "duration": 0,
      "root": true,
      "rootEmpty": true,
      "_timeout": 180000
    }
  ],
  "meta": {
    "mocha": {
      "version": "10.8.2"
    },
    "mochawesome": {
      "options": {
        "quiet": false,
        "reportFilename": "mochawesome",
        "saveHtml": true,
        "saveJson": true,
        "consoleReporter": "spec",
        "useInlineDiffs": false,
        "code": true
      },
      "version": "7.1.3"
    },
    "marge": {
      "options": {
        "reportDir": "reports/mochawesome/"
      },
      "version": "6.2.0"
    }
  }
}